<?xml version="1.0" encoding="UTF-8"?>
<!-- Generated by org.testng.reporters.JUnitReportReporter -->
<testsuite skipped="0" hostname="ABHISHEK" name="leave.TC12_Test" tests="1" failures="0" timestamp="2021-09-14T13:06:24 IST" time="17.338" errors="0">
  <testcase name="leave" time="17.338" classname="leave.TC12_Test"/>
  <system-out>
    <![CDATA[Leave status is verified]]>
  </system-out>
</testsuite> <!-- leave.TC12_Test -->
