<?xml version="1.0" encoding="UTF-8"?>
<!-- Generated by org.testng.reporters.JUnitReportReporter -->
<testsuite skipped="0" hostname="ABHISHEK" name="leave.TC12_Test" tests="1" failures="0" timestamp="2021-09-13T17:56:03 IST" time="22.070" errors="0">
  <testcase name="leave" time="22.070" classname="leave.TC12_Test"/>
  <system-out/>
</testsuite> <!-- leave.TC12_Test -->
