<?xml version="1.0" encoding="UTF-8"?>
<!-- Generated by org.testng.reporters.JUnitReportReporter -->
<testsuite skipped="0" hostname="Devraj-PC" name="login.Tc01Test" tests="1" failures="0" timestamp="2021-09-11T12:13:24 IST" time="17.459" errors="0">
  <testcase name="login" time="17.459" classname="login.Tc01Test"/>
  <system-out/>
</testsuite> <!-- login.Tc01Test -->
