<?xml version="1.0" encoding="UTF-8"?>
<!-- Generated by org.testng.reporters.JUnitReportReporter -->
<testsuite skipped="0" hostname="ABHISHEK" name="login.Tc02Test" tests="1" failures="0" timestamp="2021-09-13T12:09:54 IST" time="5.400" errors="0">
  <testcase name="login" time="5.400" classname="login.Tc02Test"/>
  <system-out>
    <![CDATA[Successfully entered username into textFiled
Successfully entered password into textFiled
Successfully clicked on login button
Invalid credentials]]>
  </system-out>
</testsuite> <!-- login.Tc02Test -->
