<?xml version="1.0" encoding="UTF-8"?>
<!-- Generated by org.testng.reporters.JUnitReportReporter -->
<testsuite skipped="0" hostname="Devraj-PC" name="login.Tc02Test" tests="1" failures="0" timestamp="2021-09-11T12:22:25 IST" time="19.618" errors="0">
  <testcase name="login" time="19.618" classname="login.Tc02Test"/>
  <system-out/>
</testsuite> <!-- login.Tc02Test -->
