<?xml version="1.0" encoding="UTF-8"?>
<!-- Generated by org.testng.reporters.JUnitReportReporter -->
<testsuite skipped="0" hostname="ABHISHEK" name="leave.TC13_Test" tests="1" failures="0" timestamp="2021-09-15T10:19:32 IST" time="24.510" errors="0">
  <testcase name="leave" time="24.510" classname="leave.TC13_Test"/>
  <system-out/>
</testsuite> <!-- leave.TC13_Test -->
