<?xml version="1.0" encoding="UTF-8"?>
<!-- Generated by org.testng.reporters.JUnitReportReporter -->
<testsuite skipped="0" hostname="ABHISHEK" name="directory.TC14_Test" tests="1" failures="0" timestamp="2021-09-14T12:52:19 IST" time="13.039" errors="0">
  <testcase name="directory" time="13.039" classname="directory.TC14_Test"/>
  <system-out>
    <![CDATA[Directory Page is Displayed
User found]]>
  </system-out>
</testsuite> <!-- directory.TC14_Test -->
