<?xml version="1.0" encoding="UTF-8"?>
<!-- Generated by org.testng.reporters.JUnitReportReporter -->
<testsuite skipped="0" hostname="ABHISHEK" name="leave.TC12_Test" tests="1" failures="0" timestamp="2021-09-15T10:17:29 IST" time="32.403" errors="0">
  <testcase name="leave" time="32.403" classname="leave.TC12_Test"/>
  <system-out>
    <![CDATA[Leave status is verified]]>
  </system-out>
</testsuite> <!-- leave.TC12_Test -->
